Step 1/12 : FROM python:3.8-slim
 ---> ee07b1466448
Step 2/12 : WORKDIR /working_dir
 ---> Using cache
 ---> 56996490443b
Step 3/12 : COPY pip.conf /etc/pip.conf
 ---> Using cache
 ---> 2db90f215195
Step 4/12 : RUN pip install -U pip &&    pip install --upgrade setuptools wheel pipenv
 ---> Using cache
 ---> 67842b657ab9
Step 5/12 : COPY Pipfile /working_dir/
 ---> Using cache
 ---> 6d2592ee017d
Step 6/12 : COPY Pipfile.lock /working_dir/
 ---> Using cache
 ---> 721753356652
Step 7/12 : RUN pipenv sync
 ---> Using cache
 ---> 097981c06a78
Step 8/12 : COPY *.py ./
 ---> Using cache
 ---> e104bc176707
Step 9/12 : COPY sample_code sample_code
 ---> Using cache
 ---> f1a3ef9babf4
Step 10/12 : COPY documentation/openapi documentation/openapi
 ---> Using cache
 ---> 447e27364832
Step 11/12 : ENTRYPOINT ["pipenv", "run", "python", "run.py", "api"]
 ---> Using cache
 ---> 8c8fde5f7917
Step 12/12 : EXPOSE 8080/tcp
 ---> Using cache
 ---> cd4da2ff02da

Successfully built cd4da2ff02da
Successfully tagged server:latest
Step 1/6 : FROM ubuntu
 ---> ccc6e87d482b
Step 2/6 : RUN apt-get update && apt-get install -y curl
 ---> Using cache
 ---> df069235ce8f
Step 3/6 : WORKDIR /working_dir
 ---> Using cache
 ---> e3421fd80c40
Step 4/6 : COPY curl.sh curl.sh
 ---> Using cache
 ---> 37e98b53a97f
Step 5/6 : RUN chmod 777 curl.sh
 ---> Using cache
 ---> 4f4421bc7d9a
Step 6/6 : ENTRYPOINT ["sh", "./curl.sh"]
 ---> Using cache
 ---> e1c2772664a0

Successfully built e1c2772664a0
Successfully tagged curl:latest
Attaching to zalando_connexion_sample_server_1, zalando_connexion_sample_curl_1
[36mcurl_1    |[0m + sleep 5
[33mserver_1  |[0m  * Serving Flask app "run" (lazy loading)
[33mserver_1  |[0m  * Environment: production
[33mserver_1  |[0m    WARNING: This is a development server. Do not use it in a production deployment.
[33mserver_1  |[0m    Use a production WSGI server instead.
[33mserver_1  |[0m  * Debug mode: off
[33mserver_1  |[0m  * Running on http://0.0.0.0:8080/ (Press CTRL+C to quit)
[36mcurl_1    |[0m + printf Nominal working case\n-----\n
[36mcurl_1    |[0m + curl --request POST --header Content-Type: application/json http://server:8080/api/v1/test/entry --data {"kind" : "time"}
[36mcurl_1    |[0m Nominal working case
[36mcurl_1    |[0m -----
[36mcurl_1    |[0m   % Total    % Received % Xferd  Average Speed   Time    Time     Time  Current
[36mcurl_1    |[0m                                  Dload  Upload   Total   Spent    Left  Speed
[33mserver_1  |[0m 172.23.0.3 - - [01/Apr/2020 11:18:49] "[37mPOST /api/v1/test/entry HTTP/1.1[0m" 200 -
[36mcurl_1    |[0m   0     0    0     0    0     0      0      0 --:--:-- --:--:-- --:--:--     0100    49  100    32  100    17   2461   1307 --:--:-- --:--:-- --:--:--  4083
[36mcurl_1    |[0m {
[36mcurl_1    |[0m   "theResponse": "11:18:49"
[36mcurl_1    |[0m }
[36mcurl_1    |[0m Nominal error case with unsupported media type - 415 is returned
[36mcurl_1    |[0m -----
[36mcurl_1    |[0m + printf Nominal error case with unsupported media type - 415 is returned\n-----\n
[36mcurl_1    |[0m + curl --request POST --header Content-Type: application/xml http://server:8080/api/v1/test/entry --data {"kind" : "time"}
[36mcurl_1    |[0m   % Total    % Received % Xferd  Average Speed   Time    Time     Time  Current
[36mcurl_1    |[0m                                  Dload  Upload   Total   Spent    Left  Speed
[33mserver_1  |[0m 172.23.0.3 - - [01/Apr/2020 11:18:49] "[31m[1mPOST /api/v1/test/entry HTTP/1.1[0m" 415 -
[36mcurl_1    |[0m   0     0    0     0    0     0      0      0 --:--:-- --:--:-- --:--:--     0100   201  100   184  100    17  20444   1888 --:--:-- --:--:-- --:--:-- 22333
[36mcurl_1    |[0m {"errors":["UnsupportedMediaTypeProblem('Invalid Content-type (application/xml), expected JSON data')",null,"Invalid Content-type (application/xml), expected JSON data"],"status":415}
[36mcurl_1    |[0m + printf (1) Tolerance to allow Content-Type: application/json; charset=utf-8 [EVEN IF NOT DEFINED IN OPENAPI?]\n-----\n
[36mcurl_1    |[0m + curl --request POST --header Content-Type: application/json; charset=utf-8 http://server:8080/api/v1/test/entry --data {"kind" : "time"}
[36mcurl_1    |[0m (1) Tolerance to allow Content-Type: application/json; charset=utf-8 [EVEN IF NOT DEFINED IN OPENAPI?]
[36mcurl_1    |[0m -----
[36mcurl_1    |[0m   % Total    % Received % Xferd  Average Speed   Time    Time     Time  Current
[36mcurl_1    |[0m                                  Dload  Upload   Total   Spent    Left  Speed
[33mserver_1  |[0m 172.23.0.3 - - [01/Apr/2020 11:18:49] "[37mPOST /api/v1/test/entry HTTP/1.1[0m" 200 -
[36mcurl_1    |[0m   0     0    0     0    0     0      0      0 --:--:-- --:--:-- --:--:--     0100    49  100    32  100    17   3555   1888 --:--:-- --:--:-- --:--:--  5444
[36mcurl_1    |[0m {
[36mcurl_1    |[0m   "theResponse": "11:18:49"
[36mcurl_1    |[0m }
[36mcurl_1    |[0m (2) Invalid JSON: Content-Type: application/json is accepted [EXPECTED]
[36mcurl_1    |[0m -----
[36mcurl_1    |[0m + printf (2) Invalid JSON: Content-Type: application/json is accepted [EXPECTED]\n-----\n
[36mcurl_1    |[0m + curl --request POST --header Content-Type: application/json http://server:8080/api/v1/test/entry --data {"kind" "time"}
[36mcurl_1    |[0m   % Total    % Received % Xferd  Average Speed   Time    Time     Time  Current
[36mcurl_1    |[0m                                  Dload  Upload   Total   Spent    Left  Speed
[33mserver_1  |[0m 172.23.0.3 - - [01/Apr/2020 11:18:49] "[31m[1mPOST /api/v1/test/entry HTTP/1.1[0m" 400 -
[36mcurl_1    |[0m   0     0    0     0    0     0      0      0 --:--:-- --:--:-- --:--:--     0100   110  100    95  100    15  23750   3750 --:--:-- --:--:-- --:--:-- 27500
[36mcurl_1    |[0m {"errors":["BadRequestProblem()","Request body is not valid JSON","Bad Request"],"status":400}
[36mcurl_1    |[0m + printf (3) Invalid JSON Content-Type: application/json; charset=utf-8 is not accepted [NOT CONSISTENT WITH VALID JSON]\n-----\n
[36mcurl_1    |[0m + curl --request POST --header Content-Type: application/json; charset=utf-8 http://server:8080/api/v1/test/entry --data {"kind" "time"}
[36mcurl_1    |[0m (3) Invalid JSON Content-Type: application/json; charset=utf-8 is not accepted [NOT CONSISTENT WITH VALID JSON]
[36mcurl_1    |[0m -----
[36mcurl_1    |[0m   % Total    % Received % Xferd  Average Speed   Time    Time     Time  Current
[36mcurl_1    |[0m                                  Dload  Upload   Total   Spent    Left  Speed
[33mserver_1  |[0m 172.23.0.3 - - [01/Apr/2020 11:18:49] "[31m[1mPOST /api/v1/test/entry HTTP/1.1[0m" 415 -
[36mcurl_1    |[0m   0     0    0     0    0     0      0      0 --:--:-- --:--:-- --:--:--     0100   231  100   216  100    15  15428   1071 --:--:-- --:--:-- --:--:-- 17769
[36mcurl_1    |[0m {"errors":["UnsupportedMediaTypeProblem('Invalid Content-type (application/json; charset=utf-8), expected JSON data')",null,"Invalid Content-type (application/json; charset=utf-8), expected JSON data"],"status":415}
[36mzalando_connexion_sample_curl_1 exited with code 0
[0mGracefully stopping... (press Ctrl+C again to force)
